<?xml version="1.0" encoding="UTF-8"?>
<coverage generated="1729359507373" clover="3.2.0">
  <project timestamp="1729359507373" name="All files">
    <metrics statements="37" coveredstatements="37" conditionals="0" coveredconditionals="0" methods="21" coveredmethods="21" elements="58" coveredelements="58" complexity="0" loc="37" ncloc="37" packages="5" files="9" classes="9"/>
    <package name="src">
      <metrics statements="4" coveredstatements="4" conditionals="0" coveredconditionals="0" methods="0" coveredmethods="0"/>
      <file name="index.ts" path="/Users/abbratu/Desktop/bra2.dimensions/src/index.ts">
        <metrics statements="4" coveredstatements="4" conditionals="0" coveredconditionals="0" methods="0" coveredmethods="0"/>
        <line num="1" count="2" type="stmt"/>
        <line num="2" count="2" type="stmt"/>
        <line num="3" count="2" type="stmt"/>
        <line num="4" count="2" type="stmt"/>
      </file>
    </package>
    <package name="src.base">
      <metrics statements="15" coveredstatements="15" conditionals="0" coveredconditionals="0" methods="18" coveredmethods="18"/>
      <file name="index.ts" path="/Users/abbratu/Desktop/bra2.dimensions/src/base/index.ts">
        <metrics statements="2" coveredstatements="2" conditionals="0" coveredconditionals="0" methods="1" coveredmethods="1"/>
        <line num="3" count="3" type="stmt"/>
        <line num="5" count="10" type="stmt"/>
      </file>
      <file name="vector-base.class.ts" path="/Users/abbratu/Desktop/bra2.dimensions/src/base/vector-base.class.ts">
        <metrics statements="13" coveredstatements="13" conditionals="0" coveredconditionals="0" methods="17" coveredmethods="17"/>
        <line num="5" count="3" type="stmt"/>
        <line num="9" count="30" type="stmt"/>
        <line num="13" count="3" type="stmt"/>
        <line num="17" count="51" type="stmt"/>
        <line num="21" count="12" type="stmt"/>
        <line num="25" count="3" type="stmt"/>
        <line num="26" count="3" type="stmt"/>
        <line num="30" count="6" type="stmt"/>
        <line num="34" count="6" type="stmt"/>
        <line num="38" count="6" type="stmt"/>
        <line num="42" count="6" type="stmt"/>
        <line num="46" count="6" type="stmt"/>
        <line num="47" count="6" type="stmt"/>
      </file>
    </package>
    <package name="src.d1">
      <metrics statements="6" coveredstatements="6" conditionals="0" coveredconditionals="0" methods="1" coveredmethods="1"/>
      <file name="d1-vector.class.ts" path="/Users/abbratu/Desktop/bra2.dimensions/src/d1/d1-vector.class.ts">
        <metrics statements="3" coveredstatements="3" conditionals="0" coveredconditionals="0" methods="1" coveredmethods="1"/>
        <line num="1" count="3" type="stmt"/>
        <line num="5" count="3" type="stmt"/>
        <line num="7" count="1" type="stmt"/>
      </file>
      <file name="index.ts" path="/Users/abbratu/Desktop/bra2.dimensions/src/d1/index.ts">
        <metrics statements="3" coveredstatements="3" conditionals="0" coveredconditionals="0" methods="0" coveredmethods="0"/>
        <line num="1" count="2" type="stmt"/>
        <line num="2" count="2" type="stmt"/>
        <line num="3" count="2" type="stmt"/>
      </file>
    </package>
    <package name="src.d2">
      <metrics statements="6" coveredstatements="6" conditionals="0" coveredconditionals="0" methods="1" coveredmethods="1"/>
      <file name="d2-vector.class.ts" path="/Users/abbratu/Desktop/bra2.dimensions/src/d2/d2-vector.class.ts">
        <metrics statements="3" coveredstatements="3" conditionals="0" coveredconditionals="0" methods="1" coveredmethods="1"/>
        <line num="1" count="2" type="stmt"/>
        <line num="5" count="2" type="stmt"/>
        <line num="7" count="1" type="stmt"/>
      </file>
      <file name="index.ts" path="/Users/abbratu/Desktop/bra2.dimensions/src/d2/index.ts">
        <metrics statements="3" coveredstatements="3" conditionals="0" coveredconditionals="0" methods="0" coveredmethods="0"/>
        <line num="1" count="2" type="stmt"/>
        <line num="2" count="2" type="stmt"/>
        <line num="3" count="2" type="stmt"/>
      </file>
    </package>
    <package name="src.d3">
      <metrics statements="6" coveredstatements="6" conditionals="0" coveredconditionals="0" methods="1" coveredmethods="1"/>
      <file name="d3-vector.class.ts" path="/Users/abbratu/Desktop/bra2.dimensions/src/d3/d3-vector.class.ts">
        <metrics statements="3" coveredstatements="3" conditionals="0" coveredconditionals="0" methods="1" coveredmethods="1"/>
        <line num="1" count="2" type="stmt"/>
        <line num="5" count="2" type="stmt"/>
        <line num="7" count="1" type="stmt"/>
      </file>
      <file name="index.ts" path="/Users/abbratu/Desktop/bra2.dimensions/src/d3/index.ts">
        <metrics statements="3" coveredstatements="3" conditionals="0" coveredconditionals="0" methods="0" coveredmethods="0"/>
        <line num="1" count="2" type="stmt"/>
        <line num="2" count="2" type="stmt"/>
        <line num="3" count="2" type="stmt"/>
      </file>
    </package>
  </project>
</coverage>
