{"/Users/abbratu/Desktop/bra2.dimensions/src/index.ts": {"path":"/Users/abbratu/Desktop/bra2.dimensions/src/index.ts","statementMap":{"0":{"start":{"line":1,"column":0},"end":{"line":1,"column":23}},"1":{"start":{"line":2,"column":0},"end":{"line":2,"column":21}},"2":{"start":{"line":3,"column":0},"end":{"line":3,"column":21}},"3":{"start":{"line":4,"column":0},"end":{"line":4,"column":21}}},"fnMap":{},"branchMap":{},"s":{"0":2,"1":2,"2":2,"3":2},"f":{},"b":{}}
,"/Users/abbratu/Desktop/bra2.dimensions/src/base/index.ts": {"path":"/Users/abbratu/Desktop/bra2.dimensions/src/base/index.ts","statementMap":{"0":{"start":{"line":3,"column":0},"end":{"line":3,"column":9}},"1":{"start":{"line":5,"column":56},"end":{"line":3,"column":50}}},"fnMap":{"0":{"name":"(anonymous_0)","decl":{"start":{"line":5,"column":56},"end":{"line":5,"column":67}},"loc":{"start":{"line":5,"column":56},"end":{"line":3,"column":50}}}},"branchMap":{},"s":{"0":3,"1":10},"f":{"0":7},"b":{}}
,"/Users/abbratu/Desktop/bra2.dimensions/src/base/vector-base.class.ts": {"path":"/Users/abbratu/Desktop/bra2.dimensions/src/base/vector-base.class.ts","statementMap":{"0":{"start":{"line":9,"column":8},"end":{"line":9,"column":36}},"1":{"start":{"line":13,"column":8},"end":{"line":13,"column":33}},"2":{"start":{"line":17,"column":8},"end":{"line":17,"column":27}},"3":{"start":{"line":21,"column":8},"end":{"line":21,"column":77}},"4":{"start":{"line":21,"column":56},"end":{"line":21,"column":71}},"5":{"start":{"line":25,"column":20},"end":{"line":25,"column":36}},"6":{"start":{"line":26,"column":8},"end":{"line":26,"column":35}},"7":{"start":{"line":30,"column":8},"end":{"line":30,"column":46}},"8":{"start":{"line":30,"column":34},"end":{"line":30,"column":39}},"9":{"start":{"line":34,"column":8},"end":{"line":34,"column":62}},"10":{"start":{"line":34,"column":43},"end":{"line":34,"column":55}},"11":{"start":{"line":38,"column":8},"end":{"line":38,"column":62}},"12":{"start":{"line":38,"column":43},"end":{"line":38,"column":55}},"13":{"start":{"line":42,"column":8},"end":{"line":42,"column":74}},"14":{"start":{"line":42,"column":51},"end":{"line":42,"column":69}},"15":{"start":{"line":46,"column":20},"end":{"line":46,"column":73}},"16":{"start":{"line":46,"column":53},"end":{"line":46,"column":68}},"17":{"start":{"line":47,"column":8},"end":{"line":47,"column":68}},"18":{"start":{"line":47,"column":43},"end":{"line":47,"column":61}},"19":{"start":{"line":5,"column":0},"end":{"line":5,"column":22}}},"fnMap":{"0":{"name":"(anonymous_0)","decl":{"start":{"line":8,"column":4},"end":{"line":8,"column":8}},"loc":{"start":{"line":8,"column":12},"end":{"line":10,"column":5}}},"1":{"name":"(anonymous_1)","decl":{"start":{"line":12,"column":4},"end":{"line":12,"column":8}},"loc":{"start":{"line":12,"column":17},"end":{"line":14,"column":5}}},"2":{"name":"(anonymous_2)","decl":{"start":{"line":16,"column":4},"end":{"line":16,"column":16}},"loc":{"start":{"line":16,"column":24},"end":{"line":18,"column":5}}},"3":{"name":"(anonymous_3)","decl":{"start":{"line":20,"column":4},"end":{"line":20,"column":13}},"loc":{"start":{"line":20,"column":13},"end":{"line":22,"column":5}}},"4":{"name":"(anonymous_4)","decl":{"start":{"line":21,"column":42},"end":{"line":21,"column":43}},"loc":{"start":{"line":21,"column":56},"end":{"line":21,"column":71}}},"5":{"name":"(anonymous_5)","decl":{"start":{"line":24,"column":4},"end":{"line":24,"column":10}},"loc":{"start":{"line":24,"column":10},"end":{"line":27,"column":5}}},"6":{"name":"(anonymous_6)","decl":{"start":{"line":29,"column":4},"end":{"line":29,"column":9}},"loc":{"start":{"line":29,"column":19},"end":{"line":31,"column":5}}},"7":{"name":"(anonymous_7)","decl":{"start":{"line":30,"column":29},"end":{"line":30,"column":30}},"loc":{"start":{"line":30,"column":34},"end":{"line":30,"column":39}}},"8":{"name":"(anonymous_8)","decl":{"start":{"line":33,"column":4},"end":{"line":33,"column":7}},"loc":{"start":{"line":33,"column":12},"end":{"line":35,"column":5}}},"9":{"name":"(anonymous_9)","decl":{"start":{"line":34,"column":29},"end":{"line":34,"column":30}},"loc":{"start":{"line":34,"column":43},"end":{"line":34,"column":55}}},"10":{"name":"(anonymous_10)","decl":{"start":{"line":37,"column":4},"end":{"line":37,"column":7}},"loc":{"start":{"line":37,"column":12},"end":{"line":39,"column":5}}},"11":{"name":"(anonymous_11)","decl":{"start":{"line":38,"column":29},"end":{"line":38,"column":30}},"loc":{"start":{"line":38,"column":43},"end":{"line":38,"column":55}}},"12":{"name":"(anonymous_12)","decl":{"start":{"line":41,"column":4},"end":{"line":41,"column":7}},"loc":{"start":{"line":41,"column":12},"end":{"line":43,"column":5}}},"13":{"name":"(anonymous_13)","decl":{"start":{"line":42,"column":32},"end":{"line":42,"column":33}},"loc":{"start":{"line":42,"column":51},"end":{"line":42,"column":69}}},"14":{"name":"(anonymous_14)","decl":{"start":{"line":45,"column":4},"end":{"line":45,"column":10}},"loc":{"start":{"line":45,"column":15},"end":{"line":48,"column":5}}},"15":{"name":"(anonymous_15)","decl":{"start":{"line":46,"column":39},"end":{"line":46,"column":40}},"loc":{"start":{"line":46,"column":53},"end":{"line":46,"column":68}}},"16":{"name":"(anonymous_16)","decl":{"start":{"line":47,"column":29},"end":{"line":47,"column":30}},"loc":{"start":{"line":47,"column":43},"end":{"line":47,"column":61}}}},"branchMap":{},"s":{"0":30,"1":3,"2":51,"3":6,"4":12,"5":3,"6":3,"7":3,"8":6,"9":3,"10":6,"11":3,"12":6,"13":3,"14":6,"15":3,"16":6,"17":3,"18":6,"19":3},"f":{"0":30,"1":3,"2":51,"3":6,"4":12,"5":3,"6":3,"7":6,"8":3,"9":6,"10":3,"11":6,"12":3,"13":6,"14":3,"15":6,"16":6},"b":{}}
,"/Users/abbratu/Desktop/bra2.dimensions/src/d1/d1-vector.class.ts": {"path":"/Users/abbratu/Desktop/bra2.dimensions/src/d1/d1-vector.class.ts","statementMap":{"0":{"start":{"line":1,"column":0},"end":{"line":1,"column":38}},"1":{"start":{"line":7,"column":8},"end":{"line":7,"column":55}},"2":{"start":{"line":5,"column":0},"end":{"line":5,"column":13}}},"fnMap":{"0":{"name":"(anonymous_0)","decl":{"start":{"line":6,"column":4},"end":{"line":6,"column":9}},"loc":{"start":{"line":6,"column":20},"end":{"line":8,"column":5}}}},"branchMap":{},"s":{"0":3,"1":1,"2":3},"f":{"0":1},"b":{}}
,"/Users/abbratu/Desktop/bra2.dimensions/src/d1/index.ts": {"path":"/Users/abbratu/Desktop/bra2.dimensions/src/d1/index.ts","statementMap":{"0":{"start":{"line":1,"column":0},"end":{"line":1,"column":31}},"1":{"start":{"line":2,"column":0},"end":{"line":2,"column":38}},"2":{"start":{"line":3,"column":0},"end":{"line":3,"column":34}}},"fnMap":{},"branchMap":{},"s":{"0":2,"1":2,"2":2},"f":{},"b":{}}
,"/Users/abbratu/Desktop/bra2.dimensions/src/d2/d2-vector.class.ts": {"path":"/Users/abbratu/Desktop/bra2.dimensions/src/d2/d2-vector.class.ts","statementMap":{"0":{"start":{"line":1,"column":0},"end":{"line":1,"column":38}},"1":{"start":{"line":7,"column":8},"end":{"line":7,"column":67}},"2":{"start":{"line":5,"column":0},"end":{"line":5,"column":13}}},"fnMap":{"0":{"name":"(anonymous_0)","decl":{"start":{"line":6,"column":4},"end":{"line":6,"column":9}},"loc":{"start":{"line":6,"column":21},"end":{"line":8,"column":5}}}},"branchMap":{},"s":{"0":2,"1":1,"2":2},"f":{"0":1},"b":{}}
,"/Users/abbratu/Desktop/bra2.dimensions/src/d2/index.ts": {"path":"/Users/abbratu/Desktop/bra2.dimensions/src/d2/index.ts","statementMap":{"0":{"start":{"line":1,"column":0},"end":{"line":1,"column":31}},"1":{"start":{"line":2,"column":0},"end":{"line":2,"column":38}},"2":{"start":{"line":3,"column":0},"end":{"line":3,"column":34}}},"fnMap":{},"branchMap":{},"s":{"0":2,"1":2,"2":2},"f":{},"b":{}}
,"/Users/abbratu/Desktop/bra2.dimensions/src/d3/d3-vector.class.ts": {"path":"/Users/abbratu/Desktop/bra2.dimensions/src/d3/d3-vector.class.ts","statementMap":{"0":{"start":{"line":1,"column":0},"end":{"line":1,"column":38}},"1":{"start":{"line":7,"column":8},"end":{"line":11,"column":10}},"2":{"start":{"line":5,"column":0},"end":{"line":5,"column":13}}},"fnMap":{"0":{"name":"(anonymous_0)","decl":{"start":{"line":6,"column":4},"end":{"line":6,"column":9}},"loc":{"start":{"line":6,"column":20},"end":{"line":12,"column":5}}}},"branchMap":{},"s":{"0":2,"1":1,"2":2},"f":{"0":1},"b":{}}
,"/Users/abbratu/Desktop/bra2.dimensions/src/d3/index.ts": {"path":"/Users/abbratu/Desktop/bra2.dimensions/src/d3/index.ts","statementMap":{"0":{"start":{"line":1,"column":0},"end":{"line":1,"column":31}},"1":{"start":{"line":2,"column":0},"end":{"line":2,"column":38}},"2":{"start":{"line":3,"column":0},"end":{"line":3,"column":34}}},"fnMap":{},"branchMap":{},"s":{"0":2,"1":2,"2":2},"f":{},"b":{}}
}
